[2024-04-11 12:39:14 [32mINFO [0;39m background-preinit] [org.hibernate.validator.internal.util.Version] [36mHV000001: Hibernate Validator 7.0.1.Final[0;39m
[2024-04-11 12:39:14 [32mINFO [0;39m restartedMain] [com.example.beenproject.BeenProjectApplication] [36mStarting BeenProjectApplication using Java 17.0.10 with PID 38008 (D:\java\beenProject\build\classes\java\main started by gusql in D:\java\beenProject)[0;39m
[2024-04-11 12:39:14 [32mINFO [0;39m restartedMain] [com.example.beenproject.BeenProjectApplication] [36mNo active profile set, falling back to 1 default profile: "default"[0;39m
[2024-04-11 12:39:14 [32mINFO [0;39m restartedMain] [org.springframework.boot.devtools.env.DevToolsPropertyDefaultsPostProcessor] [36mDevtools property defaults active! Set 'spring.devtools.add-properties' to 'false' to disable[0;39m
[2024-04-11 12:39:14 [32mINFO [0;39m restartedMain] [org.springframework.boot.devtools.env.DevToolsPropertyDefaultsPostProcessor] [36mFor additional web related logging consider setting the 'logging.level.web' property to 'DEBUG'[0;39m
[2024-04-11 12:39:16 [32mINFO [0;39m restartedMain] [org.springframework.data.repository.config.RepositoryConfigurationDelegate] [36mBootstrapping Spring Data JPA repositories in DEFAULT mode.[0;39m
[2024-04-11 12:39:16 [32mINFO [0;39m restartedMain] [org.springframework.data.repository.config.RepositoryConfigurationDelegate] [36mFinished Spring Data repository scanning in 41 ms. Found 1 JPA repository interface.[0;39m
[2024-04-11 12:39:17 [33mWARN [0;39m restartedMain] [org.mybatis.spring.mapper.ClassPathMapperScanner] [36mNo MyBatis mapper was found in '[com.example.beenproject]' package. Please check your configuration.[0;39m
[2024-04-11 12:39:17 [32mINFO [0;39m restartedMain] [org.springframework.boot.web.embedded.tomcat.TomcatWebServer] [36mTomcat initialized with port 8080 (http)[0;39m
[2024-04-11 12:39:17 [32mINFO [0;39m restartedMain] [org.apache.coyote.http11.Http11NioProtocol] [36mInitializing ProtocolHandler ["http-nio-8080"][0;39m
[2024-04-11 12:39:17 [32mINFO [0;39m restartedMain] [org.apache.catalina.core.StandardService] [36mStarting service [Tomcat][0;39m
[2024-04-11 12:39:17 [32mINFO [0;39m restartedMain] [org.apache.catalina.core.StandardEngine] [36mStarting Servlet engine: [Apache Tomcat/10.1.19][0;39m
[2024-04-11 12:39:17 [32mINFO [0;39m restartedMain] [org.apache.catalina.core.ContainerBase.[Tomcat].[localhost].[/]] [36mInitializing Spring embedded WebApplicationContext[0;39m
[2024-04-11 12:39:17 [32mINFO [0;39m restartedMain] [org.springframework.boot.web.servlet.context.ServletWebServerApplicationContext] [36mRoot WebApplicationContext: initialization completed in 2625 ms[0;39m
[2024-04-11 12:39:17 [32mINFO [0;39m restartedMain] [org.hibernate.jpa.internal.util.LogHelper] [36mHHH000204: Processing PersistenceUnitInfo [name: default][0;39m
[2024-04-11 12:39:17 [32mINFO [0;39m restartedMain] [org.hibernate.Version] [36mHHH000412: Hibernate ORM core version 6.4.4.Final[0;39m
[2024-04-11 12:39:17 [32mINFO [0;39m restartedMain] [org.hibernate.cache.internal.RegionFactoryInitiator] [36mHHH000026: Second-level cache disabled[0;39m
[2024-04-11 12:39:18 [32mINFO [0;39m restartedMain] [org.springframework.orm.jpa.persistenceunit.SpringPersistenceUnitInfo] [36mNo LoadTimeWeaver setup: ignoring JPA class transformer[0;39m
[2024-04-11 12:39:18 [32mINFO [0;39m restartedMain] [com.zaxxer.hikari.HikariDataSource] [36mHikariPool-1 - Starting...[0;39m
[2024-04-11 12:39:18 [32mINFO [0;39m restartedMain] [com.zaxxer.hikari.pool.HikariPool] [36mHikariPool-1 - Added connection org.mariadb.jdbc.Connection@11cdb9c0[0;39m
[2024-04-11 12:39:18 [32mINFO [0;39m restartedMain] [com.zaxxer.hikari.HikariDataSource] [36mHikariPool-1 - Start completed.[0;39m
[2024-04-11 12:39:18 [33mWARN [0;39m restartedMain] [org.hibernate.mapping.RootClass] [36mHHH000038: Composite-id class does not override equals(): com.example.beenproject.eneities.ids.BoardLikeIds[0;39m
[2024-04-11 12:39:18 [33mWARN [0;39m restartedMain] [org.hibernate.mapping.RootClass] [36mHHH000039: Composite-id class does not override hashCode(): com.example.beenproject.eneities.ids.BoardLikeIds[0;39m
[2024-04-11 12:39:19 [32mINFO [0;39m restartedMain] [org.hibernate.engine.transaction.jta.platform.internal.JtaPlatformInitiator] [36mHHH000489: No JTA platform available (set 'hibernate.transaction.jta.platform' to enable JTA platform integration)[0;39m
[2024-04-11 12:39:19 [32mINFO [0;39m restartedMain] [org.springframework.orm.jpa.LocalContainerEntityManagerFactoryBean] [36mInitialized JPA EntityManagerFactory for persistence unit 'default'[0;39m
[2024-04-11 12:39:19 [33mWARN [0;39m restartedMain] [org.springframework.boot.autoconfigure.orm.jpa.JpaBaseConfiguration$JpaWebConfiguration] [36mspring.jpa.open-in-view is enabled by default. Therefore, database queries may be performed during view rendering. Explicitly configure spring.jpa.open-in-view to disable this warning[0;39m
[2024-04-11 12:39:19 [32mINFO [0;39m restartedMain] [org.springframework.security.web.DefaultSecurityFilterChain] [36mWill secure any request with [org.springframework.security.web.session.DisableEncodeUrlFilter@1677523f, org.springframework.security.web.context.request.async.WebAsyncManagerIntegrationFilter@191b62b2, org.springframework.security.web.context.SecurityContextHolderFilter@60d06d1e, org.springframework.security.web.header.HeaderWriterFilter@1694aa9, org.springframework.web.filter.CorsFilter@4b22aefa, org.springframework.security.web.authentication.logout.LogoutFilter@64fd048d, org.springframework.security.oauth2.client.web.OAuth2AuthorizationRequestRedirectFilter@23cddc5c, org.springframework.security.oauth2.client.web.OAuth2LoginAuthenticationFilter@716fd182, com.example.beenproject.common.security.filter.JwtAuthenticationFilter@3cdef294, org.springframework.security.web.savedrequest.RequestCacheAwareFilter@7daaca59, org.springframework.security.web.servletapi.SecurityContextHolderAwareRequestFilter@69818f65, org.springframework.security.web.authentication.AnonymousAuthenticationFilter@5afd6d91, org.springframework.security.web.session.SessionManagementFilter@3f73d8, org.springframework.security.web.access.ExceptionTranslationFilter@43824597, org.springframework.security.web.access.intercept.AuthorizationFilter@57a5196c][0;39m
[2024-04-11 12:39:20 [32mINFO [0;39m restartedMain] [org.springframework.boot.devtools.autoconfigure.OptionalLiveReloadServer] [36mLiveReload server is running on port 35729[0;39m
[2024-04-11 12:39:20 [32mINFO [0;39m restartedMain] [org.apache.coyote.http11.Http11NioProtocol] [36mStarting ProtocolHandler ["http-nio-8080"][0;39m
[2024-04-11 12:39:20 [32mINFO [0;39m restartedMain] [org.springframework.boot.web.embedded.tomcat.TomcatWebServer] [36mTomcat started on port 8080 (http) with context path ''[0;39m
[2024-04-11 12:39:20 [32mINFO [0;39m restartedMain] [com.example.beenproject.BeenProjectApplication] [36mStarted BeenProjectApplication in 5.579 seconds (process running for 6.111)[0;39m
[2024-04-11 13:03:32 [32mINFO [0;39m File Watcher] [org.springframework.boot.devtools.autoconfigure.LocalDevToolsAutoConfiguration$RestartingClassPathChangeChangedEventListener] [36mRestarting due to 3 class path changes (0 additions, 0 deletions, 3 modifications)[0;39m
[2024-04-11 13:03:32 [32mINFO [0;39m Thread-5] [org.apache.coyote.http11.Http11NioProtocol] [36mStopping ProtocolHandler ["http-nio-8080"][0;39m
[2024-04-11 13:03:32 [32mINFO [0;39m Thread-5] [org.springframework.orm.jpa.LocalContainerEntityManagerFactoryBean] [36mClosing JPA EntityManagerFactory for persistence unit 'default'[0;39m
[2024-04-11 13:03:32 [32mINFO [0;39m Thread-5] [com.zaxxer.hikari.HikariDataSource] [36mHikariPool-1 - Shutdown initiated...[0;39m
[2024-04-11 13:03:32 [32mINFO [0;39m Thread-5] [com.zaxxer.hikari.HikariDataSource] [36mHikariPool-1 - Shutdown completed.[0;39m
[2024-04-11 13:03:32 [32mINFO [0;39m restartedMain] [com.example.beenproject.BeenProjectApplication] [36mStarting BeenProjectApplication using Java 17.0.10 with PID 38008 (D:\java\beenProject\build\classes\java\main started by gusql in D:\java\beenProject)[0;39m
[2024-04-11 13:03:32 [32mINFO [0;39m restartedMain] [com.example.beenproject.BeenProjectApplication] [36mNo active profile set, falling back to 1 default profile: "default"[0;39m
[2024-04-11 13:03:33 [32mINFO [0;39m restartedMain] [org.springframework.data.repository.config.RepositoryConfigurationDelegate] [36mBootstrapping Spring Data JPA repositories in DEFAULT mode.[0;39m
[2024-04-11 13:03:33 [32mINFO [0;39m restartedMain] [org.springframework.data.repository.config.RepositoryConfigurationDelegate] [36mFinished Spring Data repository scanning in 21 ms. Found 1 JPA repository interface.[0;39m
[2024-04-11 13:03:33 [33mWARN [0;39m restartedMain] [org.mybatis.spring.mapper.ClassPathMapperScanner] [36mNo MyBatis mapper was found in '[com.example.beenproject]' package. Please check your configuration.[0;39m
[2024-04-11 13:03:34 [32mINFO [0;39m restartedMain] [org.springframework.boot.web.embedded.tomcat.TomcatWebServer] [36mTomcat initialized with port 8080 (http)[0;39m
[2024-04-11 13:03:34 [32mINFO [0;39m restartedMain] [org.apache.coyote.http11.Http11NioProtocol] [36mInitializing ProtocolHandler ["http-nio-8080"][0;39m
[2024-04-11 13:03:34 [32mINFO [0;39m restartedMain] [org.apache.catalina.core.StandardService] [36mStarting service [Tomcat][0;39m
[2024-04-11 13:03:34 [32mINFO [0;39m restartedMain] [org.apache.catalina.core.StandardEngine] [36mStarting Servlet engine: [Apache Tomcat/10.1.19][0;39m
[2024-04-11 13:03:34 [32mINFO [0;39m restartedMain] [org.apache.catalina.core.ContainerBase.[Tomcat].[localhost].[/]] [36mInitializing Spring embedded WebApplicationContext[0;39m
[2024-04-11 13:03:34 [32mINFO [0;39m restartedMain] [org.springframework.boot.web.servlet.context.ServletWebServerApplicationContext] [36mRoot WebApplicationContext: initialization completed in 1398 ms[0;39m
[2024-04-11 13:03:34 [32mINFO [0;39m restartedMain] [org.hibernate.jpa.internal.util.LogHelper] [36mHHH000204: Processing PersistenceUnitInfo [name: default][0;39m
[2024-04-11 13:03:34 [32mINFO [0;39m restartedMain] [org.hibernate.cache.internal.RegionFactoryInitiator] [36mHHH000026: Second-level cache disabled[0;39m
[2024-04-11 13:03:34 [32mINFO [0;39m restartedMain] [org.springframework.orm.jpa.persistenceunit.SpringPersistenceUnitInfo] [36mNo LoadTimeWeaver setup: ignoring JPA class transformer[0;39m
[2024-04-11 13:03:34 [32mINFO [0;39m restartedMain] [com.zaxxer.hikari.HikariDataSource] [36mHikariPool-2 - Starting...[0;39m
[2024-04-11 13:03:34 [32mINFO [0;39m restartedMain] [com.zaxxer.hikari.pool.HikariPool] [36mHikariPool-2 - Added connection org.mariadb.jdbc.Connection@698e2d3b[0;39m
[2024-04-11 13:03:34 [32mINFO [0;39m restartedMain] [com.zaxxer.hikari.HikariDataSource] [36mHikariPool-2 - Start completed.[0;39m
[2024-04-11 13:03:34 [33mWARN [0;39m restartedMain] [org.hibernate.mapping.RootClass] [36mHHH000038: Composite-id class does not override equals(): com.example.beenproject.eneities.ids.BoardLikeIds[0;39m
[2024-04-11 13:03:34 [33mWARN [0;39m restartedMain] [org.hibernate.mapping.RootClass] [36mHHH000039: Composite-id class does not override hashCode(): com.example.beenproject.eneities.ids.BoardLikeIds[0;39m
[2024-04-11 13:03:34 [32mINFO [0;39m restartedMain] [org.hibernate.engine.transaction.jta.platform.internal.JtaPlatformInitiator] [36mHHH000489: No JTA platform available (set 'hibernate.transaction.jta.platform' to enable JTA platform integration)[0;39m
[2024-04-11 13:03:34 [32mINFO [0;39m restartedMain] [org.springframework.orm.jpa.LocalContainerEntityManagerFactoryBean] [36mInitialized JPA EntityManagerFactory for persistence unit 'default'[0;39m
[2024-04-11 13:03:34 [33mWARN [0;39m restartedMain] [org.springframework.boot.autoconfigure.orm.jpa.JpaBaseConfiguration$JpaWebConfiguration] [36mspring.jpa.open-in-view is enabled by default. Therefore, database queries may be performed during view rendering. Explicitly configure spring.jpa.open-in-view to disable this warning[0;39m
[2024-04-11 13:03:34 [32mINFO [0;39m restartedMain] [org.springframework.security.web.DefaultSecurityFilterChain] [36mWill secure any request with [org.springframework.security.web.session.DisableEncodeUrlFilter@5f8b08a2, org.springframework.security.web.context.request.async.WebAsyncManagerIntegrationFilter@7f4ee23, org.springframework.security.web.context.SecurityContextHolderFilter@66c768ae, org.springframework.security.web.header.HeaderWriterFilter@5d4b87aa, org.springframework.web.filter.CorsFilter@4ad35a7c, org.springframework.security.web.authentication.logout.LogoutFilter@5916aab9, org.springframework.security.oauth2.client.web.OAuth2AuthorizationRequestRedirectFilter@d9b66f, org.springframework.security.oauth2.client.web.OAuth2LoginAuthenticationFilter@41769bdf, com.example.beenproject.common.security.filter.JwtAuthenticationFilter@4896df60, org.springframework.security.web.savedrequest.RequestCacheAwareFilter@63096cbe, org.springframework.security.web.servletapi.SecurityContextHolderAwareRequestFilter@627ed1a2, org.springframework.security.web.authentication.AnonymousAuthenticationFilter@3f8e889a, org.springframework.security.web.session.SessionManagementFilter@77672b40, org.springframework.security.web.access.ExceptionTranslationFilter@1d930b1b, org.springframework.security.web.access.intercept.AuthorizationFilter@6c769a3a][0;39m
[2024-04-11 13:03:34 [32mINFO [0;39m restartedMain] [org.springframework.boot.devtools.autoconfigure.OptionalLiveReloadServer] [36mLiveReload server is running on port 35729[0;39m
[2024-04-11 13:03:34 [32mINFO [0;39m restartedMain] [org.apache.coyote.http11.Http11NioProtocol] [36mStarting ProtocolHandler ["http-nio-8080"][0;39m
[2024-04-11 13:03:34 [32mINFO [0;39m restartedMain] [org.springframework.boot.web.embedded.tomcat.TomcatWebServer] [36mTomcat started on port 8080 (http) with context path ''[0;39m
[2024-04-11 13:03:34 [32mINFO [0;39m restartedMain] [com.example.beenproject.BeenProjectApplication] [36mStarted BeenProjectApplication in 2.37 seconds (process running for 1460.957)[0;39m
[2024-04-11 13:03:34 [32mINFO [0;39m restartedMain] [org.springframework.boot.devtools.autoconfigure.ConditionEvaluationDeltaLoggingListener] [36mCondition evaluation unchanged[0;39m
[2024-04-11 13:21:21 [32mINFO [0;39m http-nio-8080-exec-1] [org.apache.catalina.core.ContainerBase.[Tomcat].[localhost].[/]] [36mInitializing Spring DispatcherServlet 'dispatcherServlet'[0;39m
[2024-04-11 13:21:21 [32mINFO [0;39m http-nio-8080-exec-1] [org.springframework.web.servlet.DispatcherServlet] [36mInitializing Servlet 'dispatcherServlet'[0;39m
[2024-04-11 13:21:21 [32mINFO [0;39m http-nio-8080-exec-1] [org.springframework.web.servlet.DispatcherServlet] [36mCompleted initialization in 0 ms[0;39m
[2024-04-11 13:21:22 [32mINFO [0;39m http-nio-8080-exec-5] [org.springdoc.api.AbstractOpenApiResource] [36mInit duration for springdoc-openapi is: 389 ms[0;39m
[2024-04-11 13:22:35 [32mINFO [0;39m SpringApplicationShutdownHook] [org.springframework.orm.jpa.LocalContainerEntityManagerFactoryBean] [36mClosing JPA EntityManagerFactory for persistence unit 'default'[0;39m
[2024-04-11 13:22:35 [32mINFO [0;39m SpringApplicationShutdownHook] [com.zaxxer.hikari.HikariDataSource] [36mHikariPool-2 - Shutdown initiated...[0;39m
[2024-04-11 13:22:35 [32mINFO [0;39m SpringApplicationShutdownHook] [com.zaxxer.hikari.HikariDataSource] [36mHikariPool-2 - Shutdown completed.[0;39m
[2024-04-11 13:22:39 [32mINFO [0;39m background-preinit] [org.hibernate.validator.internal.util.Version] [36mHV000001: Hibernate Validator 7.0.1.Final[0;39m
[2024-04-11 13:22:39 [32mINFO [0;39m restartedMain] [com.example.beenproject.BeenProjectApplication] [36mStarting BeenProjectApplication using Java 17.0.10 with PID 44012 (D:\java\beenProject\build\classes\java\main started by gusql in D:\java\beenProject)[0;39m
[2024-04-11 13:22:39 [32mINFO [0;39m restartedMain] [com.example.beenproject.BeenProjectApplication] [36mNo active profile set, falling back to 1 default profile: "default"[0;39m
[2024-04-11 13:22:39 [32mINFO [0;39m restartedMain] [org.springframework.boot.devtools.env.DevToolsPropertyDefaultsPostProcessor] [36mDevtools property defaults active! Set 'spring.devtools.add-properties' to 'false' to disable[0;39m
[2024-04-11 13:22:39 [32mINFO [0;39m restartedMain] [org.springframework.boot.devtools.env.DevToolsPropertyDefaultsPostProcessor] [36mFor additional web related logging consider setting the 'logging.level.web' property to 'DEBUG'[0;39m
[2024-04-11 13:22:39 [32mINFO [0;39m restartedMain] [org.springframework.data.repository.config.RepositoryConfigurationDelegate] [36mBootstrapping Spring Data JPA repositories in DEFAULT mode.[0;39m
[2024-04-11 13:22:39 [32mINFO [0;39m restartedMain] [org.springframework.data.repository.config.RepositoryConfigurationDelegate] [36mFinished Spring Data repository scanning in 29 ms. Found 1 JPA repository interface.[0;39m
[2024-04-11 13:22:40 [33mWARN [0;39m restartedMain] [org.mybatis.spring.mapper.ClassPathMapperScanner] [36mNo MyBatis mapper was found in '[com.example.beenproject]' package. Please check your configuration.[0;39m
[2024-04-11 13:22:40 [32mINFO [0;39m restartedMain] [org.springframework.boot.web.embedded.tomcat.TomcatWebServer] [36mTomcat initialized with port 8080 (http)[0;39m
[2024-04-11 13:22:40 [32mINFO [0;39m restartedMain] [org.apache.coyote.http11.Http11NioProtocol] [36mInitializing ProtocolHandler ["http-nio-8080"][0;39m
[2024-04-11 13:22:40 [32mINFO [0;39m restartedMain] [org.apache.catalina.core.StandardService] [36mStarting service [Tomcat][0;39m
[2024-04-11 13:22:40 [32mINFO [0;39m restartedMain] [org.apache.catalina.core.StandardEngine] [36mStarting Servlet engine: [Apache Tomcat/10.1.19][0;39m
[2024-04-11 13:22:40 [32mINFO [0;39m restartedMain] [org.apache.catalina.core.ContainerBase.[Tomcat].[localhost].[/]] [36mInitializing Spring embedded WebApplicationContext[0;39m
[2024-04-11 13:22:40 [32mINFO [0;39m restartedMain] [org.springframework.boot.web.servlet.context.ServletWebServerApplicationContext] [36mRoot WebApplicationContext: initialization completed in 1408 ms[0;39m
[2024-04-11 13:22:40 [32mINFO [0;39m restartedMain] [org.hibernate.jpa.internal.util.LogHelper] [36mHHH000204: Processing PersistenceUnitInfo [name: default][0;39m
[2024-04-11 13:22:40 [32mINFO [0;39m restartedMain] [org.hibernate.Version] [36mHHH000412: Hibernate ORM core version 6.4.4.Final[0;39m
[2024-04-11 13:22:40 [32mINFO [0;39m restartedMain] [org.hibernate.cache.internal.RegionFactoryInitiator] [36mHHH000026: Second-level cache disabled[0;39m
[2024-04-11 13:22:41 [32mINFO [0;39m restartedMain] [org.springframework.orm.jpa.persistenceunit.SpringPersistenceUnitInfo] [36mNo LoadTimeWeaver setup: ignoring JPA class transformer[0;39m
[2024-04-11 13:22:41 [32mINFO [0;39m restartedMain] [com.zaxxer.hikari.HikariDataSource] [36mHikariPool-1 - Starting...[0;39m
[2024-04-11 13:22:41 [32mINFO [0;39m restartedMain] [com.zaxxer.hikari.pool.HikariPool] [36mHikariPool-1 - Added connection org.mariadb.jdbc.Connection@77158139[0;39m
[2024-04-11 13:22:41 [32mINFO [0;39m restartedMain] [com.zaxxer.hikari.HikariDataSource] [36mHikariPool-1 - Start completed.[0;39m
[2024-04-11 13:22:41 [33mWARN [0;39m restartedMain] [org.hibernate.mapping.RootClass] [36mHHH000038: Composite-id class does not override equals(): com.example.beenproject.eneities.ids.BoardLikeIds[0;39m
[2024-04-11 13:22:41 [33mWARN [0;39m restartedMain] [org.hibernate.mapping.RootClass] [36mHHH000039: Composite-id class does not override hashCode(): com.example.beenproject.eneities.ids.BoardLikeIds[0;39m
[2024-04-11 13:22:42 [32mINFO [0;39m restartedMain] [org.hibernate.engine.transaction.jta.platform.internal.JtaPlatformInitiator] [36mHHH000489: No JTA platform available (set 'hibernate.transaction.jta.platform' to enable JTA platform integration)[0;39m
[2024-04-11 13:22:42 [32mINFO [0;39m restartedMain] [org.springframework.orm.jpa.LocalContainerEntityManagerFactoryBean] [36mInitialized JPA EntityManagerFactory for persistence unit 'default'[0;39m
[2024-04-11 13:22:42 [33mWARN [0;39m restartedMain] [org.springframework.boot.autoconfigure.orm.jpa.JpaBaseConfiguration$JpaWebConfiguration] [36mspring.jpa.open-in-view is enabled by default. Therefore, database queries may be performed during view rendering. Explicitly configure spring.jpa.open-in-view to disable this warning[0;39m
[2024-04-11 13:22:42 [32mINFO [0;39m restartedMain] [org.springframework.security.web.DefaultSecurityFilterChain] [36mWill secure any request with [org.springframework.security.web.session.DisableEncodeUrlFilter@e285c1b, org.springframework.security.web.context.request.async.WebAsyncManagerIntegrationFilter@3d6c2939, org.springframework.security.web.context.SecurityContextHolderFilter@728d297e, org.springframework.security.web.header.HeaderWriterFilter@5685801, org.springframework.web.filter.CorsFilter@edc1d4b, org.springframework.security.web.authentication.logout.LogoutFilter@54edef15, org.springframework.security.oauth2.client.web.OAuth2AuthorizationRequestRedirectFilter@8396a4c, org.springframework.security.oauth2.client.web.OAuth2LoginAuthenticationFilter@56eca364, com.example.beenproject.common.security.filter.JwtAuthenticationFilter@42031586, org.springframework.security.web.savedrequest.RequestCacheAwareFilter@733028fc, org.springframework.security.web.servletapi.SecurityContextHolderAwareRequestFilter@2216852, org.springframework.security.web.authentication.AnonymousAuthenticationFilter@5a73e673, org.springframework.security.web.session.SessionManagementFilter@62e553d8, org.springframework.security.web.access.ExceptionTranslationFilter@557d93b5, org.springframework.security.web.access.intercept.AuthorizationFilter@71e2e469][0;39m
[2024-04-11 13:22:43 [32mINFO [0;39m restartedMain] [org.springframework.boot.devtools.autoconfigure.OptionalLiveReloadServer] [36mLiveReload server is running on port 35729[0;39m
[2024-04-11 13:22:43 [32mINFO [0;39m restartedMain] [org.apache.coyote.http11.Http11NioProtocol] [36mStarting ProtocolHandler ["http-nio-8080"][0;39m
[2024-04-11 13:22:43 [32mINFO [0;39m restartedMain] [org.springframework.boot.web.embedded.tomcat.TomcatWebServer] [36mTomcat started on port 8080 (http) with context path ''[0;39m
[2024-04-11 13:22:43 [32mINFO [0;39m restartedMain] [com.example.beenproject.BeenProjectApplication] [36mStarted BeenProjectApplication in 4.268 seconds (process running for 5.288)[0;39m
[2024-04-11 13:23:10 [32mINFO [0;39m http-nio-8080-exec-2] [org.apache.catalina.core.ContainerBase.[Tomcat].[localhost].[/]] [36mInitializing Spring DispatcherServlet 'dispatcherServlet'[0;39m
[2024-04-11 13:23:10 [32mINFO [0;39m http-nio-8080-exec-2] [org.springframework.web.servlet.DispatcherServlet] [36mInitializing Servlet 'dispatcherServlet'[0;39m
[2024-04-11 13:23:10 [32mINFO [0;39m http-nio-8080-exec-2] [org.springframework.web.servlet.DispatcherServlet] [36mCompleted initialization in 0 ms[0;39m
[2024-04-11 13:23:11 [32mINFO [0;39m http-nio-8080-exec-9] [org.springdoc.api.AbstractOpenApiResource] [36mInit duration for springdoc-openapi is: 261 ms[0;39m
[2024-04-11 13:27:14 [31mERROR[0;39m http-nio-8080-exec-7] [org.apache.catalina.core.ContainerBase.[Tomcat].[localhost].[/].[dispatcherServlet]] [36mServlet.service() for servlet [dispatcherServlet] in context with path [] threw exception [Request processing failed: com.example.beenproject.common.ClientException: 비밀번호가 틀렸습니다.] with root cause[0;39m
com.example.beenproject.common.ClientException: 비밀번호가 틀렸습니다.
	at com.example.beenproject.user.UserService.postSignin(UserService.java:83)
	at com.example.beenproject.user.UserController.postSignin(UserController.java:37)
	at java.base/jdk.internal.reflect.NativeMethodAccessorImpl.invoke0(Native Method)
	at java.base/jdk.internal.reflect.NativeMethodAccessorImpl.invoke(NativeMethodAccessorImpl.java:77)
	at java.base/jdk.internal.reflect.DelegatingMethodAccessorImpl.invoke(DelegatingMethodAccessorImpl.java:43)
	at java.base/java.lang.reflect.Method.invoke(Method.java:568)
	at org.springframework.web.method.support.InvocableHandlerMethod.doInvoke(InvocableHandlerMethod.java:255)
	at org.springframework.web.method.support.InvocableHandlerMethod.invokeForRequest(InvocableHandlerMethod.java:188)
	at org.springframework.web.servlet.mvc.method.annotation.ServletInvocableHandlerMethod.invokeAndHandle(ServletInvocableHandlerMethod.java:118)
	at org.springframework.web.servlet.mvc.method.annotation.RequestMappingHandlerAdapter.invokeHandlerMethod(RequestMappingHandlerAdapter.java:925)
	at org.springframework.web.servlet.mvc.method.annotation.RequestMappingHandlerAdapter.handleInternal(RequestMappingHandlerAdapter.java:830)
	at org.springframework.web.servlet.mvc.method.AbstractHandlerMethodAdapter.handle(AbstractHandlerMethodAdapter.java:87)
	at org.springframework.web.servlet.DispatcherServlet.doDispatch(DispatcherServlet.java:1089)
	at org.springframework.web.servlet.DispatcherServlet.doService(DispatcherServlet.java:979)
	at org.springframework.web.servlet.FrameworkServlet.processRequest(FrameworkServlet.java:1014)
	at org.springframework.web.servlet.FrameworkServlet.doPost(FrameworkServlet.java:914)
	at jakarta.servlet.http.HttpServlet.service(HttpServlet.java:590)
	at org.springframework.web.servlet.FrameworkServlet.service(FrameworkServlet.java:885)
	at jakarta.servlet.http.HttpServlet.service(HttpServlet.java:658)
	at org.apache.catalina.core.ApplicationFilterChain.internalDoFilter(ApplicationFilterChain.java:205)
	at org.apache.catalina.core.ApplicationFilterChain.doFilter(ApplicationFilterChain.java:149)
	at org.apache.tomcat.websocket.server.WsFilter.doFilter(WsFilter.java:51)
	at org.apache.catalina.core.ApplicationFilterChain.internalDoFilter(ApplicationFilterChain.java:174)
	at org.apache.catalina.core.ApplicationFilterChain.doFilter(ApplicationFilterChain.java:149)
	at org.springframework.web.filter.OncePerRequestFilter.doFilter(OncePerRequestFilter.java:110)
	at org.apache.catalina.core.ApplicationFilterChain.internalDoFilter(ApplicationFilterChain.java:174)
	at org.apache.catalina.core.ApplicationFilterChain.doFilter(ApplicationFilterChain.java:149)
	at org.springframework.web.filter.CompositeFilter$VirtualFilterChain.doFilter(CompositeFilter.java:108)
	at org.springframework.security.web.FilterChainProxy.lambda$doFilterInternal$3(FilterChainProxy.java:231)
	at org.springframework.security.web.FilterChainProxy$VirtualFilterChain.doFilter(FilterChainProxy.java:365)
	at org.springframework.security.web.access.intercept.AuthorizationFilter.doFilter(AuthorizationFilter.java:100)
	at org.springframework.security.web.FilterChainProxy$VirtualFilterChain.doFilter(FilterChainProxy.java:374)
	at org.springframework.security.web.access.ExceptionTranslationFilter.doFilter(ExceptionTranslationFilter.java:126)
	at org.springframework.security.web.access.ExceptionTranslationFilter.doFilter(ExceptionTranslationFilter.java:120)
	at org.springframework.security.web.FilterChainProxy$VirtualFilterChain.doFilter(FilterChainProxy.java:374)
	at org.springframework.security.web.session.SessionManagementFilter.doFilter(SessionManagementFilter.java:131)
	at org.springframework.security.web.session.SessionManagementFilter.doFilter(SessionManagementFilter.java:85)
	at org.springframework.security.web.FilterChainProxy$VirtualFilterChain.doFilter(FilterChainProxy.java:374)
	at org.springframework.security.web.authentication.AnonymousAuthenticationFilter.doFilter(AnonymousAuthenticationFilter.java:100)
	at org.springframework.security.web.FilterChainProxy$VirtualFilterChain.doFilter(FilterChainProxy.java:374)
	at org.springframework.security.web.servletapi.SecurityContextHolderAwareRequestFilter.doFilter(SecurityContextHolderAwareRequestFilter.java:179)
	at org.springframework.security.web.FilterChainProxy$VirtualFilterChain.doFilter(FilterChainProxy.java:374)
	at org.springframework.security.web.savedrequest.RequestCacheAwareFilter.doFilter(RequestCacheAwareFilter.java:63)
	at org.springframework.security.web.FilterChainProxy$VirtualFilterChain.doFilter(FilterChainProxy.java:374)
	at com.example.beenproject.common.security.filter.JwtAuthenticationFilter.doFilterInternal(JwtAuthenticationFilter.java:34)
	at org.springframework.web.filter.OncePerRequestFilter.doFilter(OncePerRequestFilter.java:116)
	at org.springframework.security.web.FilterChainProxy$VirtualFilterChain.doFilter(FilterChainProxy.java:374)
	at org.springframework.security.web.authentication.AbstractAuthenticationProcessingFilter.doFilter(AbstractAuthenticationProcessingFilter.java:227)
	at org.springframework.security.web.authentication.AbstractAuthenticationProcessingFilter.doFilter(AbstractAuthenticationProcessingFilter.java:221)
	at org.springframework.security.web.FilterChainProxy$VirtualFilterChain.doFilter(FilterChainProxy.java:374)
	at org.springframework.security.oauth2.client.web.OAuth2AuthorizationRequestRedirectFilter.doFilterInternal(OAuth2AuthorizationRequestRedirectFilter.java:181)
	at org.springframework.web.filter.OncePerRequestFilter.doFilter(OncePerRequestFilter.java:116)
	at org.springframework.security.web.FilterChainProxy$VirtualFilterChain.doFilter(FilterChainProxy.java:374)
	at org.springframework.security.web.authentication.logout.LogoutFilter.doFilter(LogoutFilter.java:107)
	at org.springframework.security.web.authentication.logout.LogoutFilter.doFilter(LogoutFilter.java:93)
	at org.springframework.security.web.FilterChainProxy$VirtualFilterChain.doFilter(FilterChainProxy.java:374)
	at org.springframework.web.filter.CorsFilter.doFilterInternal(CorsFilter.java:91)
	at org.springframework.web.filter.OncePerRequestFilter.doFilter(OncePerRequestFilter.java:116)
	at org.springframework.security.web.FilterChainProxy$VirtualFilterChain.doFilter(FilterChainProxy.java:374)
	at org.springframework.security.web.header.HeaderWriterFilter.doHeadersAfter(HeaderWriterFilter.java:90)
	at org.springframework.security.web.header.HeaderWriterFilter.doFilterInternal(HeaderWriterFilter.java:75)
	at org.springframework.web.filter.OncePerRequestFilter.doFilter(OncePerRequestFilter.java:116)
	at org.springframework.security.web.FilterChainProxy$VirtualFilterChain.doFilter(FilterChainProxy.java:374)
	at org.springframework.security.web.context.SecurityContextHolderFilter.doFilter(SecurityContextHolderFilter.java:82)
	at org.springframework.security.web.context.SecurityContextHolderFilter.doFilter(SecurityContextHolderFilter.java:69)
	at org.springframework.security.web.FilterChainProxy$VirtualFilterChain.doFilter(FilterChainProxy.java:374)
	at org.springframework.security.web.context.request.async.WebAsyncManagerIntegrationFilter.doFilterInternal(WebAsyncManagerIntegrationFilter.java:62)
	at org.springframework.web.filter.OncePerRequestFilter.doFilter(OncePerRequestFilter.java:116)
	at org.springframework.security.web.FilterChainProxy$VirtualFilterChain.doFilter(FilterChainProxy.java:374)
	at org.springframework.security.web.session.DisableEncodeUrlFilter.doFilterInternal(DisableEncodeUrlFilter.java:42)
	at org.springframework.web.filter.OncePerRequestFilter.doFilter(OncePerRequestFilter.java:116)
	at org.springframework.security.web.FilterChainProxy$VirtualFilterChain.doFilter(FilterChainProxy.java:374)
	at org.springframework.security.web.FilterChainProxy.doFilterInternal(FilterChainProxy.java:233)
	at org.springframework.security.web.FilterChainProxy.doFilter(FilterChainProxy.java:191)
	at org.springframework.web.filter.CompositeFilter$VirtualFilterChain.doFilter(CompositeFilter.java:113)
	at org.springframework.web.servlet.handler.HandlerMappingIntrospector.lambda$createCacheFilter$3(HandlerMappingIntrospector.java:195)
	at org.springframework.web.filter.CompositeFilter$VirtualFilterChain.doFilter(CompositeFilter.java:113)
	at org.springframework.web.filter.CompositeFilter.doFilter(CompositeFilter.java:74)
	at org.springframework.security.config.annotation.web.configuration.WebMvcSecurityConfiguration$CompositeFilterChainProxy.doFilter(WebMvcSecurityConfiguration.java:230)
	at org.springframework.web.filter.DelegatingFilterProxy.invokeDelegate(DelegatingFilterProxy.java:352)
	at org.springframework.web.filter.DelegatingFilterProxy.doFilter(DelegatingFilterProxy.java:268)
	at org.apache.catalina.core.ApplicationFilterChain.internalDoFilter(ApplicationFilterChain.java:174)
	at org.apache.catalina.core.ApplicationFilterChain.doFilter(ApplicationFilterChain.java:149)
	at org.springframework.web.filter.RequestContextFilter.doFilterInternal(RequestContextFilter.java:100)
	at org.springframework.web.filter.OncePerRequestFilter.doFilter(OncePerRequestFilter.java:116)
	at org.apache.catalina.core.ApplicationFilterChain.internalDoFilter(ApplicationFilterChain.java:174)
	at org.apache.catalina.core.ApplicationFilterChain.doFilter(ApplicationFilterChain.java:149)
	at org.springframework.web.filter.FormContentFilter.doFilterInternal(FormContentFilter.java:93)
	at org.springframework.web.filter.OncePerRequestFilter.doFilter(OncePerRequestFilter.java:116)
	at org.apache.catalina.core.ApplicationFilterChain.internalDoFilter(ApplicationFilterChain.java:174)
	at org.apache.catalina.core.ApplicationFilterChain.doFilter(ApplicationFilterChain.java:149)
	at org.springframework.web.filter.CharacterEncodingFilter.doFilterInternal(CharacterEncodingFilter.java:201)
	at org.springframework.web.filter.OncePerRequestFilter.doFilter(OncePerRequestFilter.java:116)
	at org.apache.catalina.core.ApplicationFilterChain.internalDoFilter(ApplicationFilterChain.java:174)
	at org.apache.catalina.core.ApplicationFilterChain.doFilter(ApplicationFilterChain.java:149)
	at org.apache.catalina.core.StandardWrapperValve.invoke(StandardWrapperValve.java:167)
	at org.apache.catalina.core.StandardContextValve.invoke(StandardContextValve.java:90)
	at org.apache.catalina.authenticator.AuthenticatorBase.invoke(AuthenticatorBase.java:482)
	at org.apache.catalina.core.StandardHostValve.invoke(StandardHostValve.java:115)
	at org.apache.catalina.valves.ErrorReportValve.invoke(ErrorReportValve.java:93)
	at org.apache.catalina.core.StandardEngineValve.invoke(StandardEngineValve.java:74)
	at org.apache.catalina.connector.CoyoteAdapter.service(CoyoteAdapter.java:344)
	at org.apache.coyote.http11.Http11Processor.service(Http11Processor.java:391)
	at org.apache.coyote.AbstractProcessorLight.process(AbstractProcessorLight.java:63)
	at org.apache.coyote.AbstractProtocol$ConnectionHandler.process(AbstractProtocol.java:896)
	at org.apache.tomcat.util.net.NioEndpoint$SocketProcessor.doRun(NioEndpoint.java:1744)
	at org.apache.tomcat.util.net.SocketProcessorBase.run(SocketProcessorBase.java:52)
	at org.apache.tomcat.util.threads.ThreadPoolExecutor.runWorker(ThreadPoolExecutor.java:1191)
	at org.apache.tomcat.util.threads.ThreadPoolExecutor$Worker.run(ThreadPoolExecutor.java:659)
	at org.apache.tomcat.util.threads.TaskThread$WrappingRunnable.run(TaskThread.java:63)
	at java.base/java.lang.Thread.run(Thread.java:840)
[2024-04-11 13:29:14 [32mINFO [0;39m File Watcher] [org.springframework.boot.devtools.autoconfigure.LocalDevToolsAutoConfiguration$RestartingClassPathChangeChangedEventListener] [36mRestarting due to 3 class path changes (0 additions, 0 deletions, 3 modifications)[0;39m
[2024-04-11 13:29:14 [32mINFO [0;39m Thread-5] [org.apache.coyote.http11.Http11NioProtocol] [36mStopping ProtocolHandler ["http-nio-8080"][0;39m
[2024-04-11 13:29:14 [32mINFO [0;39m Thread-5] [org.springframework.orm.jpa.LocalContainerEntityManagerFactoryBean] [36mClosing JPA EntityManagerFactory for persistence unit 'default'[0;39m
[2024-04-11 13:29:14 [32mINFO [0;39m Thread-5] [com.zaxxer.hikari.HikariDataSource] [36mHikariPool-1 - Shutdown initiated...[0;39m
[2024-04-11 13:29:14 [32mINFO [0;39m Thread-5] [com.zaxxer.hikari.HikariDataSource] [36mHikariPool-1 - Shutdown completed.[0;39m
[2024-04-11 13:29:14 [32mINFO [0;39m restartedMain] [com.example.beenproject.BeenProjectApplication] [36mStarting BeenProjectApplication using Java 17.0.10 with PID 44012 (D:\java\beenProject\build\classes\java\main started by gusql in D:\java\beenProject)[0;39m
[2024-04-11 13:29:14 [32mINFO [0;39m restartedMain] [com.example.beenproject.BeenProjectApplication] [36mNo active profile set, falling back to 1 default profile: "default"[0;39m
[2024-04-11 13:29:14 [32mINFO [0;39m restartedMain] [org.springframework.data.repository.config.RepositoryConfigurationDelegate] [36mBootstrapping Spring Data JPA repositories in DEFAULT mode.[0;39m
[2024-04-11 13:29:14 [32mINFO [0;39m restartedMain] [org.springframework.data.repository.config.RepositoryConfigurationDelegate] [36mFinished Spring Data repository scanning in 12 ms. Found 1 JPA repository interface.[0;39m
[2024-04-11 13:29:14 [33mWARN [0;39m restartedMain] [org.mybatis.spring.mapper.ClassPathMapperScanner] [36mNo MyBatis mapper was found in '[com.example.beenproject]' package. Please check your configuration.[0;39m
[2024-04-11 13:29:14 [32mINFO [0;39m restartedMain] [org.springframework.boot.web.embedded.tomcat.TomcatWebServer] [36mTomcat initialized with port 8080 (http)[0;39m
[2024-04-11 13:29:14 [32mINFO [0;39m restartedMain] [org.apache.coyote.http11.Http11NioProtocol] [36mInitializing ProtocolHandler ["http-nio-8080"][0;39m
[2024-04-11 13:29:14 [32mINFO [0;39m restartedMain] [org.apache.catalina.core.StandardService] [36mStarting service [Tomcat][0;39m
[2024-04-11 13:29:14 [32mINFO [0;39m restartedMain] [org.apache.catalina.core.StandardEngine] [36mStarting Servlet engine: [Apache Tomcat/10.1.19][0;39m
[2024-04-11 13:29:14 [32mINFO [0;39m restartedMain] [org.apache.catalina.core.ContainerBase.[Tomcat].[localhost].[/]] [36mInitializing Spring embedded WebApplicationContext[0;39m
[2024-04-11 13:29:14 [32mINFO [0;39m restartedMain] [org.springframework.boot.web.servlet.context.ServletWebServerApplicationContext] [36mRoot WebApplicationContext: initialization completed in 312 ms[0;39m
[2024-04-11 13:29:14 [32mINFO [0;39m restartedMain] [org.hibernate.jpa.internal.util.LogHelper] [36mHHH000204: Processing PersistenceUnitInfo [name: default][0;39m
[2024-04-11 13:29:14 [32mINFO [0;39m restartedMain] [org.hibernate.cache.internal.RegionFactoryInitiator] [36mHHH000026: Second-level cache disabled[0;39m
[2024-04-11 13:29:14 [32mINFO [0;39m restartedMain] [org.springframework.orm.jpa.persistenceunit.SpringPersistenceUnitInfo] [36mNo LoadTimeWeaver setup: ignoring JPA class transformer[0;39m
[2024-04-11 13:29:14 [32mINFO [0;39m restartedMain] [com.zaxxer.hikari.HikariDataSource] [36mHikariPool-2 - Starting...[0;39m
[2024-04-11 13:29:14 [32mINFO [0;39m restartedMain] [com.zaxxer.hikari.pool.HikariPool] [36mHikariPool-2 - Added connection org.mariadb.jdbc.Connection@34571c83[0;39m
[2024-04-11 13:29:14 [32mINFO [0;39m restartedMain] [com.zaxxer.hikari.HikariDataSource] [36mHikariPool-2 - Start completed.[0;39m
[2024-04-11 13:29:14 [33mWARN [0;39m restartedMain] [org.hibernate.mapping.RootClass] [36mHHH000038: Composite-id class does not override equals(): com.example.beenproject.eneities.ids.BoardLikeIds[0;39m
[2024-04-11 13:29:14 [33mWARN [0;39m restartedMain] [org.hibernate.mapping.RootClass] [36mHHH000039: Composite-id class does not override hashCode(): com.example.beenproject.eneities.ids.BoardLikeIds[0;39m
[2024-04-11 13:29:14 [32mINFO [0;39m restartedMain] [org.hibernate.engine.transaction.jta.platform.internal.JtaPlatformInitiator] [36mHHH000489: No JTA platform available (set 'hibernate.transaction.jta.platform' to enable JTA platform integration)[0;39m
[2024-04-11 13:29:14 [32mINFO [0;39m restartedMain] [org.springframework.orm.jpa.LocalContainerEntityManagerFactoryBean] [36mInitialized JPA EntityManagerFactory for persistence unit 'default'[0;39m
[2024-04-11 13:29:14 [33mWARN [0;39m restartedMain] [org.springframework.boot.autoconfigure.orm.jpa.JpaBaseConfiguration$JpaWebConfiguration] [36mspring.jpa.open-in-view is enabled by default. Therefore, database queries may be performed during view rendering. Explicitly configure spring.jpa.open-in-view to disable this warning[0;39m
[2024-04-11 13:29:14 [32mINFO [0;39m restartedMain] [org.springframework.security.web.DefaultSecurityFilterChain] [36mWill secure any request with [org.springframework.security.web.session.DisableEncodeUrlFilter@615951cc, org.springframework.security.web.context.request.async.WebAsyncManagerIntegrationFilter@68bec2bf, org.springframework.security.web.context.SecurityContextHolderFilter@6ac62116, org.springframework.security.web.header.HeaderWriterFilter@1a38fdf3, org.springframework.web.filter.CorsFilter@250466bd, org.springframework.security.web.authentication.logout.LogoutFilter@73444ef8, org.springframework.security.oauth2.client.web.OAuth2AuthorizationRequestRedirectFilter@414186cb, org.springframework.security.oauth2.client.web.OAuth2LoginAuthenticationFilter@6f51be90, com.example.beenproject.common.security.filter.JwtAuthenticationFilter@4777165a, org.springframework.security.web.savedrequest.RequestCacheAwareFilter@719d65b1, org.springframework.security.web.servletapi.SecurityContextHolderAwareRequestFilter@2c97c914, org.springframework.security.web.authentication.AnonymousAuthenticationFilter@4743e9b3, org.springframework.security.web.session.SessionManagementFilter@663f19ae, org.springframework.security.web.access.ExceptionTranslationFilter@620f29e6, org.springframework.security.web.access.intercept.AuthorizationFilter@102329b9][0;39m
[2024-04-11 13:29:15 [32mINFO [0;39m restartedMain] [org.springframework.boot.devtools.autoconfigure.OptionalLiveReloadServer] [36mLiveReload server is running on port 35729[0;39m
[2024-04-11 13:29:15 [32mINFO [0;39m restartedMain] [org.apache.coyote.http11.Http11NioProtocol] [36mStarting ProtocolHandler ["http-nio-8080"][0;39m
[2024-04-11 13:29:15 [32mINFO [0;39m restartedMain] [org.springframework.boot.web.embedded.tomcat.TomcatWebServer] [36mTomcat started on port 8080 (http) with context path ''[0;39m
[2024-04-11 13:29:15 [32mINFO [0;39m restartedMain] [com.example.beenproject.BeenProjectApplication] [36mStarted BeenProjectApplication in 0.8 seconds (process running for 397.219)[0;39m
[2024-04-11 13:29:15 [32mINFO [0;39m restartedMain] [org.springframework.boot.devtools.autoconfigure.ConditionEvaluationDeltaLoggingListener] [36mCondition evaluation unchanged[0;39m
[2024-04-11 13:29:45 [32mINFO [0;39m SpringApplicationShutdownHook] [org.springframework.orm.jpa.LocalContainerEntityManagerFactoryBean] [36mClosing JPA EntityManagerFactory for persistence unit 'default'[0;39m
[2024-04-11 13:29:45 [32mINFO [0;39m SpringApplicationShutdownHook] [com.zaxxer.hikari.HikariDataSource] [36mHikariPool-2 - Shutdown initiated...[0;39m
[2024-04-11 13:29:45 [32mINFO [0;39m SpringApplicationShutdownHook] [com.zaxxer.hikari.HikariDataSource] [36mHikariPool-2 - Shutdown completed.[0;39m
