[2024-04-05 20:20:39 [32mINFO [0;39m restartedMain] [com.example.beenproject.BeenProjectApplication] [36mStarting BeenProjectApplication using Java 17.0.10 with PID 146204 (D:\java\beenProject\build\classes\java\main started by gusql in D:\java\beenProject)[0;39m
[2024-04-05 20:20:39 [32mINFO [0;39m restartedMain] [com.example.beenproject.BeenProjectApplication] [36mNo active profile set, falling back to 1 default profile: "default"[0;39m
[2024-04-05 20:20:39 [32mINFO [0;39m restartedMain] [org.springframework.boot.devtools.env.DevToolsPropertyDefaultsPostProcessor] [36mDevtools property defaults active! Set 'spring.devtools.add-properties' to 'false' to disable[0;39m
[2024-04-05 20:20:39 [32mINFO [0;39m restartedMain] [org.springframework.boot.devtools.env.DevToolsPropertyDefaultsPostProcessor] [36mFor additional web related logging consider setting the 'logging.level.web' property to 'DEBUG'[0;39m
[2024-04-05 20:20:40 [32mINFO [0;39m restartedMain] [org.springframework.data.repository.config.RepositoryConfigurationDelegate] [36mBootstrapping Spring Data JPA repositories in DEFAULT mode.[0;39m
[2024-04-05 20:20:40 [32mINFO [0;39m restartedMain] [org.springframework.data.repository.config.RepositoryConfigurationDelegate] [36mFinished Spring Data repository scanning in 15 ms. Found 0 JPA repository interfaces.[0;39m
[2024-04-05 20:20:40 [33mWARN [0;39m restartedMain] [org.mybatis.spring.mapper.ClassPathMapperScanner] [36mNo MyBatis mapper was found in '[com.example.beenproject]' package. Please check your configuration.[0;39m
[2024-04-05 20:20:41 [32mINFO [0;39m restartedMain] [org.springframework.boot.web.embedded.tomcat.TomcatWebServer] [36mTomcat initialized with port 8080 (http)[0;39m
[2024-04-05 20:20:41 [32mINFO [0;39m restartedMain] [org.apache.coyote.http11.Http11NioProtocol] [36mInitializing ProtocolHandler ["http-nio-8080"][0;39m
[2024-04-05 20:20:41 [32mINFO [0;39m restartedMain] [org.apache.catalina.core.StandardService] [36mStarting service [Tomcat][0;39m
[2024-04-05 20:20:41 [32mINFO [0;39m restartedMain] [org.apache.catalina.core.StandardEngine] [36mStarting Servlet engine: [Apache Tomcat/10.1.19][0;39m
[2024-04-05 20:20:41 [32mINFO [0;39m restartedMain] [org.apache.catalina.core.ContainerBase.[Tomcat].[localhost].[/]] [36mInitializing Spring embedded WebApplicationContext[0;39m
[2024-04-05 20:20:41 [32mINFO [0;39m restartedMain] [org.springframework.boot.web.servlet.context.ServletWebServerApplicationContext] [36mRoot WebApplicationContext: initialization completed in 1545 ms[0;39m
[2024-04-05 20:20:41 [32mINFO [0;39m restartedMain] [org.hibernate.jpa.internal.util.LogHelper] [36mHHH000204: Processing PersistenceUnitInfo [name: default][0;39m
[2024-04-05 20:20:41 [32mINFO [0;39m restartedMain] [org.hibernate.Version] [36mHHH000412: Hibernate ORM core version 6.4.4.Final[0;39m
[2024-04-05 20:20:41 [32mINFO [0;39m restartedMain] [org.hibernate.cache.internal.RegionFactoryInitiator] [36mHHH000026: Second-level cache disabled[0;39m
[2024-04-05 20:20:41 [32mINFO [0;39m restartedMain] [org.springframework.orm.jpa.persistenceunit.SpringPersistenceUnitInfo] [36mNo LoadTimeWeaver setup: ignoring JPA class transformer[0;39m
[2024-04-05 20:20:41 [32mINFO [0;39m restartedMain] [com.zaxxer.hikari.HikariDataSource] [36mHikariPool-1 - Starting...[0;39m
[2024-04-05 20:20:41 [32mINFO [0;39m restartedMain] [com.zaxxer.hikari.pool.HikariPool] [36mHikariPool-1 - Added connection org.mariadb.jdbc.Connection@71fdbadb[0;39m
[2024-04-05 20:20:41 [32mINFO [0;39m restartedMain] [com.zaxxer.hikari.HikariDataSource] [36mHikariPool-1 - Start completed.[0;39m
[2024-04-05 20:20:42 [31mERROR[0;39m restartedMain] [org.springframework.orm.jpa.LocalContainerEntityManagerFactoryBean] [36mFailed to initialize JPA EntityManagerFactory: [PersistenceUnit: default] Unable to build Hibernate SessionFactory; nested exception is org.hibernate.MappingException: Column 'iuser' is duplicated in mapping for entity 'com.example.beenproject.eneities.Dispute' (use '@Column(insertable=false, updatable=false)' when mapping multiple properties to the same column)[0;39m
[2024-04-05 20:20:42 [33mWARN [0;39m restartedMain] [org.springframework.boot.web.servlet.context.AnnotationConfigServletWebServerApplicationContext] [36mException encountered during context initialization - cancelling refresh attempt: org.springframework.beans.factory.BeanCreationException: Error creating bean with name 'entityManagerFactory' defined in class path resource [org/springframework/boot/autoconfigure/orm/jpa/HibernateJpaConfiguration.class]: [PersistenceUnit: default] Unable to build Hibernate SessionFactory; nested exception is org.hibernate.MappingException: Column 'iuser' is duplicated in mapping for entity 'com.example.beenproject.eneities.Dispute' (use '@Column(insertable=false, updatable=false)' when mapping multiple properties to the same column)[0;39m
[2024-04-05 20:20:42 [32mINFO [0;39m restartedMain] [com.zaxxer.hikari.HikariDataSource] [36mHikariPool-1 - Shutdown initiated...[0;39m
[2024-04-05 20:20:42 [32mINFO [0;39m restartedMain] [com.zaxxer.hikari.HikariDataSource] [36mHikariPool-1 - Shutdown completed.[0;39m
[2024-04-05 20:20:42 [32mINFO [0;39m restartedMain] [org.apache.catalina.core.StandardService] [36mStopping service [Tomcat][0;39m
[2024-04-05 20:20:42 [32mINFO [0;39m restartedMain] [org.springframework.boot.autoconfigure.logging.ConditionEvaluationReportLogger] [36m

Error starting ApplicationContext. To display the condition evaluation report re-run your application with 'debug' enabled.[0;39m
[2024-04-05 20:20:42 [31mERROR[0;39m restartedMain] [org.springframework.boot.SpringApplication] [36mApplication run failed[0;39m
org.springframework.beans.factory.BeanCreationException: Error creating bean with name 'entityManagerFactory' defined in class path resource [org/springframework/boot/autoconfigure/orm/jpa/HibernateJpaConfiguration.class]: [PersistenceUnit: default] Unable to build Hibernate SessionFactory; nested exception is org.hibernate.MappingException: Column 'iuser' is duplicated in mapping for entity 'com.example.beenproject.eneities.Dispute' (use '@Column(insertable=false, updatable=false)' when mapping multiple properties to the same column)
	at org.springframework.beans.factory.support.AbstractAutowireCapableBeanFactory.initializeBean(AbstractAutowireCapableBeanFactory.java:1786)
	at org.springframework.beans.factory.support.AbstractAutowireCapableBeanFactory.doCreateBean(AbstractAutowireCapableBeanFactory.java:600)
	at org.springframework.beans.factory.support.AbstractAutowireCapableBeanFactory.createBean(AbstractAutowireCapableBeanFactory.java:522)
	at org.springframework.beans.factory.support.AbstractBeanFactory.lambda$doGetBean$0(AbstractBeanFactory.java:326)
	at org.springframework.beans.factory.support.DefaultSingletonBeanRegistry.getSingleton(DefaultSingletonBeanRegistry.java:234)
	at org.springframework.beans.factory.support.AbstractBeanFactory.doGetBean(AbstractBeanFactory.java:324)
	at org.springframework.beans.factory.support.AbstractBeanFactory.getBean(AbstractBeanFactory.java:200)
	at org.springframework.context.support.AbstractApplicationContext.getBean(AbstractApplicationContext.java:1234)
	at org.springframework.context.support.AbstractApplicationContext.finishBeanFactoryInitialization(AbstractApplicationContext.java:952)
	at org.springframework.context.support.AbstractApplicationContext.refresh(AbstractApplicationContext.java:624)
	at org.springframework.boot.web.servlet.context.ServletWebServerApplicationContext.refresh(ServletWebServerApplicationContext.java:146)
	at org.springframework.boot.SpringApplication.refresh(SpringApplication.java:754)
	at org.springframework.boot.SpringApplication.refreshContext(SpringApplication.java:456)
	at org.springframework.boot.SpringApplication.run(SpringApplication.java:334)
	at org.springframework.boot.SpringApplication.run(SpringApplication.java:1354)
	at org.springframework.boot.SpringApplication.run(SpringApplication.java:1343)
	at com.example.beenproject.BeenProjectApplication.main(BeenProjectApplication.java:19)
	at java.base/jdk.internal.reflect.NativeMethodAccessorImpl.invoke0(Native Method)
	at java.base/jdk.internal.reflect.NativeMethodAccessorImpl.invoke(NativeMethodAccessorImpl.java:77)
	at java.base/jdk.internal.reflect.DelegatingMethodAccessorImpl.invoke(DelegatingMethodAccessorImpl.java:43)
	at java.base/java.lang.reflect.Method.invoke(Method.java:568)
	at org.springframework.boot.devtools.restart.RestartLauncher.run(RestartLauncher.java:50)
Caused by: jakarta.persistence.PersistenceException: [PersistenceUnit: default] Unable to build Hibernate SessionFactory; nested exception is org.hibernate.MappingException: Column 'iuser' is duplicated in mapping for entity 'com.example.beenproject.eneities.Dispute' (use '@Column(insertable=false, updatable=false)' when mapping multiple properties to the same column)
	at org.springframework.orm.jpa.AbstractEntityManagerFactoryBean.buildNativeEntityManagerFactory(AbstractEntityManagerFactoryBean.java:421)
	at org.springframework.orm.jpa.AbstractEntityManagerFactoryBean.afterPropertiesSet(AbstractEntityManagerFactoryBean.java:396)
	at org.springframework.orm.jpa.LocalContainerEntityManagerFactoryBean.afterPropertiesSet(LocalContainerEntityManagerFactoryBean.java:366)
	at org.springframework.beans.factory.support.AbstractAutowireCapableBeanFactory.invokeInitMethods(AbstractAutowireCapableBeanFactory.java:1833)
	at org.springframework.beans.factory.support.AbstractAutowireCapableBeanFactory.initializeBean(AbstractAutowireCapableBeanFactory.java:1782)
	... 21 common frames omitted
Caused by: org.hibernate.MappingException: Column 'iuser' is duplicated in mapping for entity 'com.example.beenproject.eneities.Dispute' (use '@Column(insertable=false, updatable=false)' when mapping multiple properties to the same column)
	at org.hibernate.mapping.Value.checkColumnDuplication(Value.java:197)
	at org.hibernate.mapping.MappingHelper.checkPropertyColumnDuplication(MappingHelper.java:249)
	at org.hibernate.mapping.PersistentClass.checkColumnDuplication(PersistentClass.java:938)
	at org.hibernate.mapping.PersistentClass.validate(PersistentClass.java:678)
	at org.hibernate.mapping.RootClass.validate(RootClass.java:273)
	at org.hibernate.boot.internal.MetadataImpl.validate(MetadataImpl.java:497)
	at org.hibernate.internal.SessionFactoryImpl.<init>(SessionFactoryImpl.java:273)
	at org.hibernate.boot.internal.SessionFactoryBuilderImpl.build(SessionFactoryBuilderImpl.java:450)
	at org.hibernate.jpa.boot.internal.EntityManagerFactoryBuilderImpl.build(EntityManagerFactoryBuilderImpl.java:1507)
	at org.springframework.orm.jpa.vendor.SpringHibernateJpaPersistenceProvider.createContainerEntityManagerFactory(SpringHibernateJpaPersistenceProvider.java:75)
	at org.springframework.orm.jpa.LocalContainerEntityManagerFactoryBean.createNativeEntityManagerFactory(LocalContainerEntityManagerFactoryBean.java:390)
	at org.springframework.orm.jpa.AbstractEntityManagerFactoryBean.buildNativeEntityManagerFactory(AbstractEntityManagerFactoryBean.java:409)
	... 25 common frames omitted
[2024-04-05 20:20:51 [32mINFO [0;39m restartedMain] [com.example.beenproject.BeenProjectApplication] [36mStarting BeenProjectApplication using Java 17.0.10 with PID 139680 (D:\java\beenProject\build\classes\java\main started by gusql in D:\java\beenProject)[0;39m
[2024-04-05 20:20:51 [32mINFO [0;39m restartedMain] [com.example.beenproject.BeenProjectApplication] [36mNo active profile set, falling back to 1 default profile: "default"[0;39m
[2024-04-05 20:20:51 [32mINFO [0;39m restartedMain] [org.springframework.boot.devtools.env.DevToolsPropertyDefaultsPostProcessor] [36mDevtools property defaults active! Set 'spring.devtools.add-properties' to 'false' to disable[0;39m
[2024-04-05 20:20:51 [32mINFO [0;39m restartedMain] [org.springframework.boot.devtools.env.DevToolsPropertyDefaultsPostProcessor] [36mFor additional web related logging consider setting the 'logging.level.web' property to 'DEBUG'[0;39m
[2024-04-05 20:20:52 [32mINFO [0;39m restartedMain] [org.springframework.data.repository.config.RepositoryConfigurationDelegate] [36mBootstrapping Spring Data JPA repositories in DEFAULT mode.[0;39m
[2024-04-05 20:20:52 [32mINFO [0;39m restartedMain] [org.springframework.data.repository.config.RepositoryConfigurationDelegate] [36mFinished Spring Data repository scanning in 10 ms. Found 0 JPA repository interfaces.[0;39m
[2024-04-05 20:20:52 [33mWARN [0;39m restartedMain] [org.mybatis.spring.mapper.ClassPathMapperScanner] [36mNo MyBatis mapper was found in '[com.example.beenproject]' package. Please check your configuration.[0;39m
[2024-04-05 20:20:53 [32mINFO [0;39m restartedMain] [org.springframework.boot.web.embedded.tomcat.TomcatWebServer] [36mTomcat initialized with port 8080 (http)[0;39m
[2024-04-05 20:20:53 [32mINFO [0;39m restartedMain] [org.apache.coyote.http11.Http11NioProtocol] [36mInitializing ProtocolHandler ["http-nio-8080"][0;39m
[2024-04-05 20:20:53 [32mINFO [0;39m restartedMain] [org.apache.catalina.core.StandardService] [36mStarting service [Tomcat][0;39m
[2024-04-05 20:20:53 [32mINFO [0;39m restartedMain] [org.apache.catalina.core.StandardEngine] [36mStarting Servlet engine: [Apache Tomcat/10.1.19][0;39m
[2024-04-05 20:20:53 [32mINFO [0;39m restartedMain] [org.apache.catalina.core.ContainerBase.[Tomcat].[localhost].[/]] [36mInitializing Spring embedded WebApplicationContext[0;39m
[2024-04-05 20:20:53 [32mINFO [0;39m restartedMain] [org.springframework.boot.web.servlet.context.ServletWebServerApplicationContext] [36mRoot WebApplicationContext: initialization completed in 1171 ms[0;39m
[2024-04-05 20:20:53 [32mINFO [0;39m restartedMain] [org.hibernate.jpa.internal.util.LogHelper] [36mHHH000204: Processing PersistenceUnitInfo [name: default][0;39m
[2024-04-05 20:20:53 [32mINFO [0;39m restartedMain] [org.hibernate.Version] [36mHHH000412: Hibernate ORM core version 6.4.4.Final[0;39m
[2024-04-05 20:20:53 [32mINFO [0;39m restartedMain] [org.hibernate.cache.internal.RegionFactoryInitiator] [36mHHH000026: Second-level cache disabled[0;39m
[2024-04-05 20:20:53 [32mINFO [0;39m restartedMain] [org.springframework.orm.jpa.persistenceunit.SpringPersistenceUnitInfo] [36mNo LoadTimeWeaver setup: ignoring JPA class transformer[0;39m
[2024-04-05 20:20:53 [32mINFO [0;39m restartedMain] [com.zaxxer.hikari.HikariDataSource] [36mHikariPool-1 - Starting...[0;39m
[2024-04-05 20:20:53 [32mINFO [0;39m restartedMain] [com.zaxxer.hikari.pool.HikariPool] [36mHikariPool-1 - Added connection org.mariadb.jdbc.Connection@23552737[0;39m
[2024-04-05 20:20:53 [32mINFO [0;39m restartedMain] [com.zaxxer.hikari.HikariDataSource] [36mHikariPool-1 - Start completed.[0;39m
[2024-04-05 20:20:53 [31mERROR[0;39m restartedMain] [org.springframework.orm.jpa.LocalContainerEntityManagerFactoryBean] [36mFailed to initialize JPA EntityManagerFactory: [PersistenceUnit: default] Unable to build Hibernate SessionFactory; nested exception is org.hibernate.MappingException: Column 'iuser' is duplicated in mapping for entity 'com.example.beenproject.eneities.Dispute' (use '@Column(insertable=false, updatable=false)' when mapping multiple properties to the same column)[0;39m
[2024-04-05 20:20:53 [33mWARN [0;39m restartedMain] [org.springframework.boot.web.servlet.context.AnnotationConfigServletWebServerApplicationContext] [36mException encountered during context initialization - cancelling refresh attempt: org.springframework.beans.factory.BeanCreationException: Error creating bean with name 'entityManagerFactory' defined in class path resource [org/springframework/boot/autoconfigure/orm/jpa/HibernateJpaConfiguration.class]: [PersistenceUnit: default] Unable to build Hibernate SessionFactory; nested exception is org.hibernate.MappingException: Column 'iuser' is duplicated in mapping for entity 'com.example.beenproject.eneities.Dispute' (use '@Column(insertable=false, updatable=false)' when mapping multiple properties to the same column)[0;39m
[2024-04-05 20:20:53 [32mINFO [0;39m restartedMain] [com.zaxxer.hikari.HikariDataSource] [36mHikariPool-1 - Shutdown initiated...[0;39m
[2024-04-05 20:20:53 [32mINFO [0;39m restartedMain] [com.zaxxer.hikari.HikariDataSource] [36mHikariPool-1 - Shutdown completed.[0;39m
[2024-04-05 20:20:53 [32mINFO [0;39m restartedMain] [org.apache.catalina.core.StandardService] [36mStopping service [Tomcat][0;39m
[2024-04-05 20:20:53 [32mINFO [0;39m restartedMain] [org.springframework.boot.autoconfigure.logging.ConditionEvaluationReportLogger] [36m

Error starting ApplicationContext. To display the condition evaluation report re-run your application with 'debug' enabled.[0;39m
[2024-04-05 20:20:53 [31mERROR[0;39m restartedMain] [org.springframework.boot.SpringApplication] [36mApplication run failed[0;39m
org.springframework.beans.factory.BeanCreationException: Error creating bean with name 'entityManagerFactory' defined in class path resource [org/springframework/boot/autoconfigure/orm/jpa/HibernateJpaConfiguration.class]: [PersistenceUnit: default] Unable to build Hibernate SessionFactory; nested exception is org.hibernate.MappingException: Column 'iuser' is duplicated in mapping for entity 'com.example.beenproject.eneities.Dispute' (use '@Column(insertable=false, updatable=false)' when mapping multiple properties to the same column)
	at org.springframework.beans.factory.support.AbstractAutowireCapableBeanFactory.initializeBean(AbstractAutowireCapableBeanFactory.java:1786)
	at org.springframework.beans.factory.support.AbstractAutowireCapableBeanFactory.doCreateBean(AbstractAutowireCapableBeanFactory.java:600)
	at org.springframework.beans.factory.support.AbstractAutowireCapableBeanFactory.createBean(AbstractAutowireCapableBeanFactory.java:522)
	at org.springframework.beans.factory.support.AbstractBeanFactory.lambda$doGetBean$0(AbstractBeanFactory.java:326)
	at org.springframework.beans.factory.support.DefaultSingletonBeanRegistry.getSingleton(DefaultSingletonBeanRegistry.java:234)
	at org.springframework.beans.factory.support.AbstractBeanFactory.doGetBean(AbstractBeanFactory.java:324)
	at org.springframework.beans.factory.support.AbstractBeanFactory.getBean(AbstractBeanFactory.java:200)
	at org.springframework.context.support.AbstractApplicationContext.getBean(AbstractApplicationContext.java:1234)
	at org.springframework.context.support.AbstractApplicationContext.finishBeanFactoryInitialization(AbstractApplicationContext.java:952)
	at org.springframework.context.support.AbstractApplicationContext.refresh(AbstractApplicationContext.java:624)
	at org.springframework.boot.web.servlet.context.ServletWebServerApplicationContext.refresh(ServletWebServerApplicationContext.java:146)
	at org.springframework.boot.SpringApplication.refresh(SpringApplication.java:754)
	at org.springframework.boot.SpringApplication.refreshContext(SpringApplication.java:456)
	at org.springframework.boot.SpringApplication.run(SpringApplication.java:334)
	at org.springframework.boot.SpringApplication.run(SpringApplication.java:1354)
	at org.springframework.boot.SpringApplication.run(SpringApplication.java:1343)
	at com.example.beenproject.BeenProjectApplication.main(BeenProjectApplication.java:19)
	at java.base/jdk.internal.reflect.NativeMethodAccessorImpl.invoke0(Native Method)
	at java.base/jdk.internal.reflect.NativeMethodAccessorImpl.invoke(NativeMethodAccessorImpl.java:77)
	at java.base/jdk.internal.reflect.DelegatingMethodAccessorImpl.invoke(DelegatingMethodAccessorImpl.java:43)
	at java.base/java.lang.reflect.Method.invoke(Method.java:568)
	at org.springframework.boot.devtools.restart.RestartLauncher.run(RestartLauncher.java:50)
Caused by: jakarta.persistence.PersistenceException: [PersistenceUnit: default] Unable to build Hibernate SessionFactory; nested exception is org.hibernate.MappingException: Column 'iuser' is duplicated in mapping for entity 'com.example.beenproject.eneities.Dispute' (use '@Column(insertable=false, updatable=false)' when mapping multiple properties to the same column)
	at org.springframework.orm.jpa.AbstractEntityManagerFactoryBean.buildNativeEntityManagerFactory(AbstractEntityManagerFactoryBean.java:421)
	at org.springframework.orm.jpa.AbstractEntityManagerFactoryBean.afterPropertiesSet(AbstractEntityManagerFactoryBean.java:396)
	at org.springframework.orm.jpa.LocalContainerEntityManagerFactoryBean.afterPropertiesSet(LocalContainerEntityManagerFactoryBean.java:366)
	at org.springframework.beans.factory.support.AbstractAutowireCapableBeanFactory.invokeInitMethods(AbstractAutowireCapableBeanFactory.java:1833)
	at org.springframework.beans.factory.support.AbstractAutowireCapableBeanFactory.initializeBean(AbstractAutowireCapableBeanFactory.java:1782)
	... 21 common frames omitted
Caused by: org.hibernate.MappingException: Column 'iuser' is duplicated in mapping for entity 'com.example.beenproject.eneities.Dispute' (use '@Column(insertable=false, updatable=false)' when mapping multiple properties to the same column)
	at org.hibernate.mapping.Value.checkColumnDuplication(Value.java:197)
	at org.hibernate.mapping.MappingHelper.checkPropertyColumnDuplication(MappingHelper.java:249)
	at org.hibernate.mapping.PersistentClass.checkColumnDuplication(PersistentClass.java:938)
	at org.hibernate.mapping.PersistentClass.validate(PersistentClass.java:678)
	at org.hibernate.mapping.RootClass.validate(RootClass.java:273)
	at org.hibernate.boot.internal.MetadataImpl.validate(MetadataImpl.java:497)
	at org.hibernate.internal.SessionFactoryImpl.<init>(SessionFactoryImpl.java:273)
	at org.hibernate.boot.internal.SessionFactoryBuilderImpl.build(SessionFactoryBuilderImpl.java:450)
	at org.hibernate.jpa.boot.internal.EntityManagerFactoryBuilderImpl.build(EntityManagerFactoryBuilderImpl.java:1507)
	at org.springframework.orm.jpa.vendor.SpringHibernateJpaPersistenceProvider.createContainerEntityManagerFactory(SpringHibernateJpaPersistenceProvider.java:75)
	at org.springframework.orm.jpa.LocalContainerEntityManagerFactoryBean.createNativeEntityManagerFactory(LocalContainerEntityManagerFactoryBean.java:390)
	at org.springframework.orm.jpa.AbstractEntityManagerFactoryBean.buildNativeEntityManagerFactory(AbstractEntityManagerFactoryBean.java:409)
	... 25 common frames omitted
